<?xml version="1.0" encoding="UTF-8"?>
<coverage generated="1526497834580" clover="3.2.0">
  <project timestamp="1526497834580" name="All files">
    <metrics statements="3326" coveredstatements="1062" conditionals="1215" coveredconditionals="289" methods="973" coveredmethods="253" elements="5514" coveredelements="1604" complexity="0" loc="3326" ncloc="3326" packages="8" files="59" classes="59">
      <package name="src">
        <metrics statements="1242" coveredstatements="359" conditionals="499" coveredconditionals="112" methods="300" coveredmethods="74"/>
        <file name="arc.ts" path="/home/travis/build/wasdk/WebAssemblyStudio/src/arc.ts">
          <metrics statements="18" coveredstatements="3" conditionals="0" coveredconditionals="0" methods="3" coveredmethods="0"/>
          <line num="22" count="11" type="stmt"/>
          <line num="24" count="0" type="stmt"/>
          <line num="29" count="11" type="stmt"/>
          <line num="32" count="0" type="stmt"/>
          <line num="38" count="0" type="stmt"/>
          <line num="39" count="0" type="stmt"/>
          <line num="40" count="0" type="stmt"/>
          <line num="41" count="0" type="stmt"/>
          <line num="42" count="0" type="stmt"/>
          <line num="43" count="0" type="stmt"/>
          <line num="44" count="0" type="stmt"/>
          <line num="45" count="0" type="stmt"/>
          <line num="46" count="0" type="stmt"/>
          <line num="47" count="0" type="stmt"/>
          <line num="48" count="0" type="stmt"/>
          <line num="49" count="0" type="stmt"/>
          <line num="53" count="0" type="stmt"/>
          <line num="56" count="11" type="stmt"/>
        </file>
        <file name="config.ts" path="/home/travis/build/wasdk/WebAssemblyStudio/src/config.ts">
          <metrics statements="13" coveredstatements="4" conditionals="11" coveredconditionals="3" methods="9" coveredmethods="0"/>
          <line num="22" count="11" type="cond" truecount="3" falsecount="0"/>
          <line num="23" count="0" type="cond" truecount="0" falsecount="2"/>
          <line num="24" count="0" type="stmt"/>
          <line num="25" count="0" type="stmt"/>
          <line num="26" count="0" type="cond" truecount="0" falsecount="2"/>
          <line num="27" count="0" type="cond" truecount="0" falsecount="2"/>
          <line num="30" count="11" type="stmt"/>
          <line num="31" count="11" type="stmt"/>
          <line num="34" count="0" type="stmt"/>
          <line num="35" count="0" type="cond" truecount="0" falsecount="2"/>
          <line num="36" count="0" type="stmt"/>
          <line num="38" count="0" type="stmt"/>
          <line num="41" count="11" type="stmt"/>
        </file>
        <file name="dispatcher.ts" path="/home/travis/build/wasdk/WebAssemblyStudio/src/dispatcher.ts">
          <metrics statements="3" coveredstatements="3" conditionals="0" coveredconditionals="0" methods="0" coveredmethods="0"/>
          <line num="22" count="7" type="stmt"/>
          <line num="23" count="7" type="stmt"/>
          <line num="24" count="7" type="stmt"/>
        </file>
        <file name="errors.ts" path="/home/travis/build/wasdk/WebAssemblyStudio/src/errors.ts">
          <metrics statements="2" coveredstatements="2" conditionals="0" coveredconditionals="0" methods="0" coveredmethods="0"/>
          <line num="22" count="6" type="stmt"/>
          <line num="23" count="6" type="stmt"/>
        </file>
        <file name="gulpy.ts" path="/home/travis/build/wasdk/WebAssemblyStudio/src/gulpy.ts">
          <metrics statements="47" coveredstatements="39" conditionals="21" coveredconditionals="15" methods="26" coveredmethods="21"/>
          <line num="22" count="12" type="cond" truecount="3" falsecount="0"/>
          <line num="23" count="5" type="cond" truecount="2" falsecount="0"/>
          <line num="24" count="4" type="stmt"/>
          <line num="25" count="0" type="stmt"/>
          <line num="26" count="9" type="cond" truecount="2" falsecount="0"/>
          <line num="27" count="5" type="cond" truecount="2" falsecount="0"/>
          <line num="30" count="12" type="stmt"/>
          <line num="33" count="3" type="stmt"/>
          <line num="34" count="3" type="stmt"/>
          <line num="39" count="3" type="stmt"/>
          <line num="40" count="3" type="stmt"/>
          <line num="43" count="3" type="cond" truecount="1" falsecount="1"/>
          <line num="44" count="0" type="stmt"/>
          <line num="46" count="3" type="stmt"/>
          <line num="51" count="1" type="stmt"/>
          <line num="52" count="1" type="stmt"/>
          <line num="55" count="3" type="stmt"/>
          <line num="56" count="3" type="cond" truecount="1" falsecount="1"/>
          <line num="57" count="0" type="stmt"/>
          <line num="59" count="3" type="stmt"/>
          <line num="60" count="3" type="stmt"/>
          <line num="61" count="3" type="stmt"/>
          <line num="64" count="3" type="stmt"/>
          <line num="65" count="3" type="stmt"/>
          <line num="66" count="3" type="stmt"/>
          <line num="67" count="3" type="stmt"/>
          <line num="71" count="1" type="stmt"/>
          <line num="72" count="1" type="stmt"/>
          <line num="78" count="1" type="stmt"/>
          <line num="81" count="3" type="stmt"/>
          <line num="82" count="3" type="stmt"/>
          <line num="83" count="3" type="cond" truecount="2" falsecount="0"/>
          <line num="84" count="2" type="stmt"/>
          <line num="85" count="2" type="stmt"/>
          <line num="87" count="1" type="cond" truecount="1" falsecount="1"/>
          <line num="88" count="1" type="cond" truecount="1" falsecount="1"/>
          <line num="89" count="0" type="stmt"/>
          <line num="90" count="0" type="cond" truecount="0" falsecount="2"/>
          <line num="93" count="1" type="stmt"/>
          <line num="96" count="3" type="stmt"/>
          <line num="99" count="0" type="stmt"/>
          <line num="102" count="0" type="stmt"/>
          <line num="105" count="0" type="stmt"/>
          <line num="108" count="1" type="stmt"/>
          <line num="109" count="1" type="stmt"/>
          <line num="110" count="1" type="stmt"/>
          <line num="114" count="12" type="stmt"/>
        </file>
        <file name="index.tsx" path="/home/travis/build/wasdk/WebAssemblyStudio/src/index.tsx">
          <metrics statements="48" coveredstatements="0" conditionals="19" coveredconditionals="0" methods="7" coveredmethods="0"/>
          <line num="22" count="0" type="stmt"/>
          <line num="23" count="0" type="stmt"/>
          <line num="24" count="0" type="stmt"/>
          <line num="25" count="0" type="stmt"/>
          <line num="26" count="0" type="stmt"/>
          <line num="27" count="0" type="stmt"/>
          <line num="28" count="0" type="stmt"/>
          <line num="29" count="0" type="stmt"/>
          <line num="31" count="0" type="stmt"/>
          <line num="32" count="0" type="stmt"/>
          <line num="33" count="0" type="stmt"/>
          <line num="34" count="0" type="stmt"/>
          <line num="35" count="0" type="stmt"/>
          <line num="36" count="0" type="cond" truecount="0" falsecount="2"/>
          <line num="37" count="0" type="stmt"/>
          <line num="40" count="0" type="stmt"/>
          <line num="44" count="0" type="stmt"/>
          <line num="46" count="0" type="stmt"/>
          <line num="47" count="0" type="stmt"/>
          <line num="48" count="0" type="stmt"/>
          <line num="50" count="0" type="stmt"/>
          <line num="52" count="0" type="stmt"/>
          <line num="53" count="0" type="stmt"/>
          <line num="57" count="0" type="cond" truecount="0" falsecount="2"/>
          <line num="58" count="0" type="stmt"/>
          <line num="59" count="0" type="stmt"/>
          <line num="61" count="0" type="stmt"/>
          <line num="63" count="0" type="stmt"/>
          <line num="65" count="0" type="stmt"/>
          <line num="67" count="0" type="cond" truecount="0" falsecount="3"/>
          <line num="69" count="0" type="stmt"/>
          <line num="70" count="0" type="stmt"/>
          <line num="72" count="0" type="stmt"/>
          <line num="73" count="0" type="stmt"/>
          <line num="75" count="0" type="cond" truecount="0" falsecount="2"/>
          <line num="76" count="0" type="cond" truecount="0" falsecount="2"/>
          <line num="77" count="0" type="stmt"/>
          <line num="79" count="0" type="cond" truecount="0" falsecount="2"/>
          <line num="80" count="0" type="stmt"/>
          <line num="85" count="0" type="stmt"/>
          <line num="86" count="0" type="cond" truecount="0" falsecount="2"/>
          <line num="87" count="0" type="cond" truecount="0" falsecount="2"/>
          <line num="88" count="0" type="stmt"/>
          <line num="89" count="0" type="stmt"/>
          <line num="90" count="0" type="stmt"/>
          <line num="91" count="0" type="cond" truecount="0" falsecount="2"/>
          <line num="92" count="0" type="stmt"/>
          <line num="95" count="0" type="stmt"/>
        </file>
        <file name="message.ts" path="/home/travis/build/wasdk/WebAssemblyStudio/src/message.ts">
          <metrics statements="11" coveredstatements="11" conditionals="2" coveredconditionals="2" methods="1" coveredmethods="1"/>
          <line num="22" count="11" type="stmt"/>
          <line num="24" count="11" type="stmt"/>
          <line num="25" count="11" type="stmt"/>
          <line num="26" count="11" type="stmt"/>
          <line num="27" count="11" type="stmt"/>
          <line num="28" count="11" type="stmt"/>
          <line num="29" count="11" type="stmt"/>
          <line num="30" count="11" type="stmt"/>
          <line num="31" count="11" type="stmt"/>
          <line num="32" count="11" type="stmt"/>
          <line num="33" count="11" type="stmt"/>
        </file>
        <file name="model.ts" path="/home/travis/build/wasdk/WebAssemblyStudio/src/model.ts">
          <metrics statements="446" coveredstatements="203" conditionals="250" coveredconditionals="73" methods="74" coveredmethods="38"/>
          <line num="22" count="11" type="cond" truecount="3" falsecount="0"/>
          <line num="23" count="2" type="cond" truecount="2" falsecount="0"/>
          <line num="24" count="0" type="stmt"/>
          <line num="25" count="0" type="stmt"/>
          <line num="26" count="2" type="cond" truecount="1" falsecount="1"/>
          <line num="27" count="2" type="cond" truecount="2" falsecount="0"/>
          <line num="30" count="11" type="stmt"/>
          <line num="31" count="11" type="stmt"/>
          <line num="32" count="11" type="stmt"/>
          <line num="33" count="11" type="stmt"/>
          <line num="34" count="11" type="stmt"/>
          <line num="36" count="0" type="cond" truecount="0" falsecount="2"/>
          <line num="37" count="0" type="stmt"/>
          <line num="39" count="0" type="cond" truecount="0" falsecount="2"/>
          <line num="40" count="0" type="stmt"/>
          <line num="42" count="0" type="stmt"/>
          <line num="43" count="0" type="cond" truecount="0" falsecount="2"/>
          <line num="44" count="0" type="stmt"/>
          <line num="47" count="0" type="stmt"/>
          <line num="49" count="11" type="stmt"/>
          <line num="51" count="11" type="stmt"/>
          <line num="52" count="11" type="stmt"/>
          <line num="53" count="11" type="stmt"/>
          <line num="54" count="11" type="stmt"/>
          <line num="55" count="11" type="stmt"/>
          <line num="56" count="11" type="stmt"/>
          <line num="57" count="11" type="stmt"/>
          <line num="58" count="11" type="stmt"/>
          <line num="59" count="11" type="stmt"/>
          <line num="60" count="11" type="stmt"/>
          <line num="61" count="11" type="stmt"/>
          <line num="62" count="11" type="stmt"/>
          <line num="63" count="11" type="stmt"/>
          <line num="64" count="11" type="stmt"/>
          <line num="65" count="11" type="stmt"/>
          <line num="66" count="11" type="stmt"/>
          <line num="67" count="11" type="stmt"/>
          <line num="68" count="11" type="stmt"/>
          <line num="71" count="112" type="cond" truecount="1" falsecount="1"/>
          <line num="73" count="0" type="stmt"/>
          <line num="75" count="112" type="stmt"/>
          <line num="78" count="11" type="stmt"/>
          <line num="80" count="145" type="cond" truecount="1" falsecount="1"/>
          <line num="81" count="0" type="stmt"/>
          <line num="83" count="145" type="cond" truecount="1" falsecount="1"/>
          <line num="84" count="0" type="stmt"/>
          <line num="86" count="145" type="cond" truecount="2" falsecount="0"/>
          <line num="87" count="46" type="stmt"/>
          <line num="89" count="99" type="cond" truecount="1" falsecount="1"/>
          <line num="90" count="0" type="stmt"/>
          <line num="92" count="99" type="cond" truecount="3" falsecount="1"/>
          <line num="93" count="0" type="stmt"/>
          <line num="95" count="99" type="cond" truecount="1" falsecount="1"/>
          <line num="96" count="0" type="stmt"/>
          <line num="98" count="99" type="cond" truecount="3" falsecount="1"/>
          <line num="99" count="0" type="stmt"/>
          <line num="101" count="99" type="cond" truecount="2" falsecount="0"/>
          <line num="102" count="6" type="stmt"/>
          <line num="104" count="93" type="cond" truecount="2" falsecount="0"/>
          <line num="105" count="2" type="stmt"/>
          <line num="107" count="91" type="cond" truecount="2" falsecount="0"/>
          <line num="108" count="12" type="stmt"/>
          <line num="110" count="79" type="cond" truecount="1" falsecount="1"/>
          <line num="111" count="0" type="stmt"/>
          <line num="113" count="79" type="cond" truecount="1" falsecount="1"/>
          <line num="114" count="0" type="stmt"/>
          <line num="116" count="79" type="cond" truecount="2" falsecount="0"/>
          <line num="117" count="10" type="stmt"/>
          <line num="119" count="69" type="stmt"/>
          <line num="121" count="11" type="stmt"/>
          <line num="123" count="0" type="cond" truecount="0" falsecount="2"/>
          <line num="124" count="0" type="stmt"/>
          <line num="126" count="0" type="cond" truecount="0" falsecount="2"/>
          <line num="127" count="0" type="stmt"/>
          <line num="129" count="0" type="cond" truecount="0" falsecount="2"/>
          <line num="130" count="0" type="stmt"/>
          <line num="132" count="0" type="cond" truecount="0" falsecount="2"/>
          <line num="133" count="0" type="stmt"/>
          <line num="135" count="0" type="cond" truecount="0" falsecount="2"/>
          <line num="136" count="0" type="stmt"/>
          <line num="138" count="0" type="cond" truecount="0" falsecount="2"/>
          <line num="139" count="0" type="stmt"/>
          <line num="141" count="0" type="cond" truecount="0" falsecount="2"/>
          <line num="142" count="0" type="stmt"/>
          <line num="144" count="0" type="cond" truecount="0" falsecount="2"/>
          <line num="145" count="0" type="stmt"/>
          <line num="147" count="0" type="cond" truecount="0" falsecount="2"/>
          <line num="148" count="0" type="stmt"/>
          <line num="150" count="0" type="cond" truecount="0" falsecount="2"/>
          <line num="151" count="0" type="stmt"/>
          <line num="153" count="0" type="cond" truecount="0" falsecount="2"/>
          <line num="154" count="0" type="stmt"/>
          <line num="156" count="0" type="cond" truecount="0" falsecount="2"/>
          <line num="157" count="0" type="stmt"/>
          <line num="159" count="0" type="cond" truecount="0" falsecount="2"/>
          <line num="160" count="0" type="stmt"/>
          <line num="162" count="0" type="stmt"/>
          <line num="164" count="11" type="stmt"/>
          <line num="166" count="0" type="cond" truecount="0" falsecount="2"/>
          <line num="167" count="0" type="stmt"/>
          <line num="169" count="0" type="cond" truecount="0" falsecount="2"/>
          <line num="170" count="0" type="stmt"/>
          <line num="172" count="0" type="cond" truecount="0" falsecount="2"/>
          <line num="173" count="0" type="stmt"/>
          <line num="175" count="0" type="cond" truecount="0" falsecount="2"/>
          <line num="176" count="0" type="stmt"/>
          <line num="178" count="0" type="cond" truecount="0" falsecount="2"/>
          <line num="179" count="0" type="stmt"/>
          <line num="181" count="0" type="cond" truecount="0" falsecount="2"/>
          <line num="182" count="0" type="stmt"/>
          <line num="184" count="0" type="cond" truecount="0" falsecount="2"/>
          <line num="185" count="0" type="stmt"/>
          <line num="187" count="0" type="cond" truecount="0" falsecount="2"/>
          <line num="188" count="0" type="stmt"/>
          <line num="190" count="0" type="cond" truecount="0" falsecount="2"/>
          <line num="191" count="0" type="stmt"/>
          <line num="193" count="0" type="cond" truecount="0" falsecount="2"/>
          <line num="194" count="0" type="stmt"/>
          <line num="196" count="0" type="cond" truecount="0" falsecount="2"/>
          <line num="197" count="0" type="stmt"/>
          <line num="199" count="0" type="cond" truecount="0" falsecount="2"/>
          <line num="200" count="0" type="stmt"/>
          <line num="202" count="0" type="cond" truecount="0" falsecount="2"/>
          <line num="203" count="0" type="stmt"/>
          <line num="205" count="0" type="stmt"/>
          <line num="207" count="11" type="stmt"/>
          <line num="209" count="0" type="stmt"/>
          <line num="211" count="11" type="stmt"/>
          <line num="213" count="0" type="cond" truecount="0" falsecount="2"/>
          <line num="214" count="0" type="stmt"/>
          <line num="216" count="0" type="cond" truecount="0" falsecount="2"/>
          <line num="217" count="0" type="stmt"/>
          <line num="219" count="0" type="cond" truecount="0" falsecount="2"/>
          <line num="220" count="0" type="stmt"/>
          <line num="222" count="0" type="cond" truecount="0" falsecount="2"/>
          <line num="223" count="0" type="stmt"/>
          <line num="225" count="0" type="cond" truecount="0" falsecount="2"/>
          <line num="226" count="0" type="stmt"/>
          <line num="228" count="0" type="cond" truecount="0" falsecount="2"/>
          <line num="229" count="0" type="stmt"/>
          <line num="231" count="0" type="cond" truecount="0" falsecount="2"/>
          <line num="232" count="0" type="stmt"/>
          <line num="234" count="0" type="cond" truecount="0" falsecount="2"/>
          <line num="235" count="0" type="stmt"/>
          <line num="237" count="0" type="cond" truecount="0" falsecount="2"/>
          <line num="238" count="0" type="stmt"/>
          <line num="240" count="0" type="cond" truecount="0" falsecount="2"/>
          <line num="241" count="0" type="stmt"/>
          <line num="243" count="0" type="cond" truecount="0" falsecount="2"/>
          <line num="244" count="0" type="stmt"/>
          <line num="246" count="0" type="cond" truecount="0" falsecount="4"/>
          <line num="247" count="0" type="stmt"/>
          <line num="249" count="0" type="cond" truecount="0" falsecount="2"/>
          <line num="250" count="0" type="stmt"/>
          <line num="252" count="0" type="stmt"/>
          <line num="254" count="11" type="stmt"/>
          <line num="256" count="0" type="cond" truecount="0" falsecount="2"/>
          <line num="257" count="0" type="stmt"/>
          <line num="259" count="0" type="cond" truecount="0" falsecount="2"/>
          <line num="260" count="0" type="stmt"/>
          <line num="262" count="0" type="cond" truecount="0" falsecount="2"/>
          <line num="263" count="0" type="stmt"/>
          <line num="265" count="0" type="cond" truecount="0" falsecount="2"/>
          <line num="266" count="0" type="stmt"/>
          <line num="268" count="0" type="cond" truecount="0" falsecount="2"/>
          <line num="269" count="0" type="stmt"/>
          <line num="271" count="0" type="stmt"/>
          <line num="273" count="11" type="stmt"/>
          <line num="275" count="42" type="cond" truecount="1" falsecount="1"/>
          <line num="276" count="0" type="stmt"/>
          <line num="278" count="42" type="cond" truecount="1" falsecount="1"/>
          <line num="279" count="0" type="stmt"/>
          <line num="281" count="42" type="cond" truecount="1" falsecount="1"/>
          <line num="282" count="0" type="stmt"/>
          <line num="284" count="42" type="cond" truecount="1" falsecount="1"/>
          <line num="285" count="0" type="stmt"/>
          <line num="287" count="42" type="cond" truecount="1" falsecount="1"/>
          <line num="288" count="0" type="stmt"/>
          <line num="290" count="42" type="cond" truecount="2" falsecount="0"/>
          <line num="291" count="8" type="stmt"/>
          <line num="293" count="34" type="cond" truecount="1" falsecount="1"/>
          <line num="294" count="0" type="stmt"/>
          <line num="296" count="34" type="cond" truecount="1" falsecount="1"/>
          <line num="297" count="0" type="stmt"/>
          <line num="299" count="34" type="cond" truecount="1" falsecount="1"/>
          <line num="300" count="0" type="stmt"/>
          <line num="302" count="34" type="cond" truecount="1" falsecount="1"/>
          <line num="303" count="0" type="stmt"/>
          <line num="305" count="34" type="cond" truecount="1" falsecount="1"/>
          <line num="306" count="0" type="stmt"/>
          <line num="308" count="34" type="cond" truecount="1" falsecount="1"/>
          <line num="309" count="0" type="stmt"/>
          <line num="311" count="34" type="stmt"/>
          <line num="313" count="11" type="stmt"/>
          <line num="316" count="578" type="stmt"/>
          <line num="317" count="578" type="stmt"/>
          <line num="320" count="59" type="cond" truecount="1" falsecount="1"/>
          <line num="321" count="0" type="stmt"/>
          <line num="323" count="59" type="stmt"/>
          <line num="326" count="6" type="stmt"/>
          <line num="327" count="6" type="cond" truecount="1" falsecount="1"/>
          <line num="328" count="0" type="stmt"/>
          <line num="330" count="6" type="stmt"/>
          <line num="334" count="29" type="stmt"/>
          <line num="335" count="5" type="stmt"/>
          <line num="339" count="11" type="stmt"/>
          <line num="341" count="0" type="cond" truecount="0" falsecount="4"/>
          <line num="342" count="0" type="stmt"/>
          <line num="343" count="0" type="stmt"/>
          <line num="344" count="0" type="stmt"/>
          <line num="345" count="0" type="stmt"/>
          <line num="348" count="11" type="stmt"/>
          <line num="350" count="112" type="stmt"/>
          <line num="354" count="0" type="stmt"/>
          <line num="355" count="0" type="stmt"/>
          <line num="356" count="0" type="stmt"/>
          <line num="357" count="0" type="stmt"/>
          <line num="358" count="0" type="stmt"/>
          <line num="361" count="0" type="stmt"/>
          <line num="364" count="11" type="stmt"/>
          <line num="370" count="112" type="stmt"/>
          <line num="371" count="112" type="stmt"/>
          <line num="376" count="112" type="stmt"/>
          <line num="377" count="112" type="stmt"/>
          <line num="378" count="112" type="stmt"/>
          <line num="379" count="112" type="stmt"/>
          <line num="380" count="112" type="stmt"/>
          <line num="381" count="112" type="stmt"/>
          <line num="382" count="112" type="stmt"/>
          <line num="383" count="112" type="stmt"/>
          <line num="384" count="112" type="stmt"/>
          <line num="385" count="112" type="stmt"/>
          <line num="386" count="112" type="cond" truecount="1" falsecount="1"/>
          <line num="387" count="0" type="stmt"/>
          <line num="388" count="0" type="stmt"/>
          <line num="391" count="112" type="stmt"/>
          <line num="392" count="112" type="stmt"/>
          <line num="394" count="112" type="stmt"/>
          <line num="395" count="112" type="stmt"/>
          <line num="398" count="0" type="cond" truecount="0" falsecount="2"/>
          <line num="399" count="0" type="stmt"/>
          <line num="401" count="0" type="cond" truecount="0" falsecount="2"/>
          <line num="402" count="0" type="stmt"/>
          <line num="403" count="0" type="stmt"/>
          <line num="405" count="0" type="stmt"/>
          <line num="406" count="0" type="stmt"/>
          <line num="408" count="112" type="stmt"/>
          <line num="411" count="0" type="stmt"/>
          <line num="412" count="0" type="stmt"/>
          <line num="413" count="0" type="cond" truecount="0" falsecount="2"/>
          <line num="414" count="0" type="stmt"/>
          <line num="418" count="0" type="stmt"/>
          <line num="419" count="0" type="stmt"/>
          <line num="420" count="0" type="stmt"/>
          <line num="421" count="0" type="stmt"/>
          <line num="425" count="2" type="stmt"/>
          <line num="426" count="2" type="stmt"/>
          <line num="427" count="2" type="stmt"/>
          <line num="428" count="2" type="stmt"/>
          <line num="432" count="2" type="stmt"/>
          <line num="433" count="2" type="stmt"/>
          <line num="434" count="2" type="stmt"/>
          <line num="435" count="2" type="stmt"/>
          <line num="439" count="2" type="cond" truecount="1" falsecount="1"/>
          <line num="440" count="2" type="stmt"/>
          <line num="441" count="2" type="stmt"/>
          <line num="445" count="0" type="stmt"/>
          <line num="446" count="0" type="cond" truecount="0" falsecount="2"/>
          <line num="447" count="0" type="stmt"/>
          <line num="448" count="0" type="stmt"/>
          <line num="449" count="0" type="stmt"/>
          <line num="450" count="0" type="stmt"/>
          <line num="451" count="0" type="stmt"/>
          <line num="452" count="0" type="stmt"/>
          <line num="453" count="0" type="stmt"/>
          <line num="454" count="0" type="stmt"/>
          <line num="457" count="0" type="stmt"/>
          <line num="458" count="0" type="stmt"/>
          <line num="459" count="0" type="stmt"/>
          <line num="464" count="0" type="stmt"/>
          <line num="465" count="0" type="stmt"/>
          <line num="466" count="0" type="stmt"/>
          <line num="467" count="0" type="stmt"/>
          <line num="468" count="0" type="stmt"/>
          <line num="472" count="0" type="stmt"/>
          <line num="473" count="0" type="stmt"/>
          <line num="474" count="0" type="cond" truecount="0" falsecount="2"/>
          <line num="475" count="0" type="stmt"/>
          <line num="477" count="0" type="stmt"/>
          <line num="478" count="0" type="stmt"/>
          <line num="479" count="0" type="stmt"/>
          <line num="483" count="0" type="stmt"/>
          <line num="484" count="0" type="stmt"/>
          <line num="485" count="0" type="stmt"/>
          <line num="486" count="0" type="stmt"/>
          <line num="489" count="1" type="cond" truecount="2" falsecount="2"/>
          <line num="490" count="0" type="stmt"/>
          <line num="491" count="0" type="cond" truecount="0" falsecount="2"/>
          <line num="492" count="0" type="stmt"/>
          <line num="495" count="1" type="stmt"/>
          <line num="498" count="0" type="stmt"/>
          <line num="499" count="0" type="cond" truecount="0" falsecount="2"/>
          <line num="500" count="0" type="stmt"/>
          <line num="501" count="0" type="stmt"/>
          <line num="503" count="0" type="cond" truecount="0" falsecount="2"/>
          <line num="504" count="0" type="stmt"/>
          <line num="507" count="0" type="stmt"/>
          <line num="510" count="0" type="stmt"/>
          <line num="511" count="0" type="stmt"/>
          <line num="512" count="0" type="stmt"/>
          <line num="513" count="0" type="stmt"/>
          <line num="514" count="0" type="stmt"/>
          <line num="516" count="0" type="stmt"/>
          <line num="522" count="6" type="stmt"/>
          <line num="523" count="6" type="stmt"/>
          <line num="524" count="6" type="cond" truecount="2" falsecount="0"/>
          <line num="525" count="5" type="stmt"/>
          <line num="526" count="5" type="stmt"/>
          <line num="528" count="6" type="stmt"/>
          <line num="529" count="6" type="stmt"/>
          <line num="532" count="2" type="stmt"/>
          <line num="533" count="2" type="cond" truecount="1" falsecount="1"/>
          <line num="534" count="0" type="stmt"/>
          <line num="536" count="2" type="cond" truecount="1" falsecount="1"/>
          <line num="537" count="0" type="cond" truecount="0" falsecount="4"/>
          <line num="538" count="0" type="stmt"/>
          <line num="539" count="0" type="stmt"/>
          <line num="540" count="0" type="stmt"/>
          <line num="541" count="0" type="stmt"/>
          <line num="544" count="0" type="stmt"/>
          <line num="549" count="2" type="stmt"/>
          <line num="550" count="2" type="stmt"/>
          <line num="552" count="2" type="stmt"/>
          <line num="556" count="0" type="stmt"/>
          <line num="559" count="4" type="stmt"/>
          <line num="560" count="4" type="stmt"/>
          <line num="561" count="3" type="cond" truecount="2" falsecount="0"/>
          <line num="562" count="2" type="stmt"/>
          <line num="564" count="1" type="stmt"/>
          <line num="566" count="2" type="stmt"/>
          <line num="569" count="11" type="stmt"/>
          <line num="572" count="31" type="stmt"/>
          <line num="573" count="31" type="stmt"/>
          <line num="574" count="31" type="stmt"/>
          <line num="575" count="31" type="stmt"/>
          <line num="578" count="16" type="stmt"/>
          <line num="579" count="16" type="stmt"/>
          <line num="580" count="21" type="stmt"/>
          <line num="581" count="21" type="stmt"/>
          <line num="585" count="2" type="cond" truecount="1" falsecount="1"/>
          <line num="586" count="2" type="stmt"/>
          <line num="587" count="0" type="cond" truecount="0" falsecount="4"/>
          <line num="588" count="0" type="stmt"/>
          <line num="590" count="0" type="cond" truecount="0" falsecount="2"/>
          <line num="591" count="0" type="stmt"/>
          <line num="594" count="0" type="stmt"/>
          <line num="599" count="0" type="stmt"/>
          <line num="603" count="0" type="stmt"/>
          <line num="604" count="0" type="cond" truecount="0" falsecount="4"/>
          <line num="605" count="0" type="stmt"/>
          <line num="607" count="0" type="stmt"/>
          <line num="611" count="16" type="stmt"/>
          <line num="612" count="16" type="stmt"/>
          <line num="613" count="16" type="stmt"/>
          <line num="614" count="16" type="stmt"/>
          <line num="615" count="16" type="stmt"/>
          <line num="618" count="0" type="stmt"/>
          <line num="619" count="0" type="stmt"/>
          <line num="620" count="0" type="stmt"/>
          <line num="621" count="0" type="stmt"/>
          <line num="622" count="0" type="stmt"/>
          <line num="623" count="0" type="stmt"/>
          <line num="626" count="15" type="cond" truecount="2" falsecount="0"/>
          <line num="627" count="14" type="stmt"/>
          <line num="629" count="15" type="stmt"/>
          <line num="630" count="15" type="stmt"/>
          <line num="631" count="15" type="stmt"/>
          <line num="632" count="15" type="stmt"/>
          <line num="633" count="15" type="cond" truecount="2" falsecount="0"/>
          <line num="634" count="1" type="stmt"/>
          <line num="637" count="14" type="stmt"/>
          <line num="638" count="14" type="stmt"/>
          <line num="639" count="14" type="stmt"/>
          <line num="642" count="15" type="stmt"/>
          <line num="643" count="15" type="stmt"/>
          <line num="646" count="2" type="cond" truecount="1" falsecount="1"/>
          <line num="647" count="2" type="stmt"/>
          <line num="649" count="2" type="stmt"/>
          <line num="650" count="2" type="cond" truecount="2" falsecount="0"/>
          <line num="651" count="1" type="stmt"/>
          <line num="653" count="2" type="stmt"/>
          <line num="654" count="2" type="stmt"/>
          <line num="655" count="2" type="cond" truecount="1" falsecount="1"/>
          <line num="656" count="0" type="stmt"/>
          <line num="659" count="2" type="stmt"/>
          <line num="660" count="2" type="stmt"/>
          <line num="662" count="2" type="stmt"/>
          <line num="663" count="2" type="stmt"/>
          <line num="666" count="37" type="stmt"/>
          <line num="667" count="8" type="stmt"/>
          <line num="671" count="2" type="cond" truecount="1" falsecount="1"/>
          <line num="672" count="2" type="stmt"/>
          <line num="674" count="2" type="stmt"/>
          <line num="675" count="2" type="cond" truecount="1" falsecount="1"/>
          <line num="676" count="0" type="cond" truecount="0" falsecount="4"/>
          <line num="677" count="0" type="stmt"/>
          <line num="680" count="0" type="stmt"/>
          <line num="683" count="2" type="stmt"/>
          <line num="686" count="0" type="stmt"/>
          <line num="688" count="0" type="cond" truecount="0" falsecount="2"/>
          <line num="689" count="0" type="stmt"/>
          <line num="691" count="0" type="stmt"/>
          <line num="692" count="0" type="stmt"/>
          <line num="693" count="0" type="cond" truecount="0" falsecount="2"/>
          <line num="694" count="0" type="stmt"/>
          <line num="697" count="0" type="stmt"/>
          <line num="701" count="0" type="stmt"/>
          <line num="702" count="0" type="stmt"/>
          <line num="705" count="0" type="stmt"/>
          <line num="706" count="0" type="stmt"/>
          <line num="709" count="0" type="stmt"/>
          <line num="712" count="11" type="stmt"/>
          <line num="715" count="6" type="stmt"/>
          <line num="716" count="6" type="stmt"/>
          <line num="717" count="6" type="stmt"/>
          <line num="718" count="6" type="stmt"/>
          <line num="719" count="6" type="stmt"/>
          <line num="722" count="6" type="stmt"/>
          <line num="725" count="3" type="cond" truecount="1" falsecount="1"/>
          <line num="726" count="3" type="stmt"/>
          <line num="728" count="0" type="stmt"/>
          <line num="731" count="1" type="stmt"/>
          <line num="732" count="1" type="stmt"/>
          <line num="735" count="0" type="stmt"/>
          <line num="736" count="0" type="stmt"/>
          <line num="737" count="0" type="stmt"/>
          <line num="740" count="11" type="stmt"/>
          <line num="741" count="11" type="stmt"/>
          <line num="744" count="13" type="stmt"/>
          <line num="747" count="11" type="stmt"/>
          <line num="750" count="14" type="cond" truecount="2" falsecount="0"/>
          <line num="751" count="1" type="stmt"/>
          <line num="753" count="13" type="stmt"/>
          <line num="754" count="13" type="stmt"/>
          <line num="755" count="13" type="stmt"/>
          <line num="758" count="11" type="stmt"/>
        </file>
        <file name="monaco-extra.ts" path="/home/travis/build/wasdk/WebAssemblyStudio/src/monaco-extra.ts">
          <metrics statements="31" coveredstatements="17" conditionals="6" coveredconditionals="4" methods="16" coveredmethods="2"/>
          <line num="6" count="1" type="stmt"/>
          <line num="7" count="1" type="stmt"/>
          <line num="10" count="0" type="stmt"/>
          <line num="11" count="0" type="stmt"/>
          <line num="12" count="0" type="stmt"/>
          <line num="21" count="0" type="stmt"/>
          <line num="24" count="0" type="stmt"/>
          <line num="27" count="0" type="stmt"/>
          <line num="30" count="1" type="stmt"/>
          <line num="33" count="0" type="stmt"/>
          <line num="34" count="0" type="stmt"/>
          <line num="37" count="0" type="stmt"/>
          <line num="40" count="0" type="stmt"/>
          <line num="43" count="1" type="stmt"/>
          <line num="46" count="0" type="stmt"/>
          <line num="47" count="0" type="stmt"/>
          <line num="50" count="0" type="stmt"/>
          <line num="53" count="0" type="stmt"/>
          <line num="56" count="1" type="stmt"/>
          <line num="58" count="1" type="stmt"/>
          <line num="59" count="1" type="stmt"/>
          <line num="60" count="1" type="stmt"/>
          <line num="63" count="1" type="stmt"/>
          <line num="64" count="1" type="stmt"/>
          <line num="65" count="1" type="stmt"/>
          <line num="67" count="1" type="stmt"/>
          <line num="68" count="1" type="stmt"/>
          <line num="69" count="1" type="stmt"/>
          <line num="70" count="1" type="cond" truecount="0" falsecount="1"/>
          <line num="71" count="1" type="stmt"/>
          <line num="72" count="1" type="cond" truecount="0" falsecount="1"/>
        </file>
        <file name="monaco-utils.ts" path="/home/travis/build/wasdk/WebAssemblyStudio/src/monaco-utils.ts">
          <metrics statements="7" coveredstatements="2" conditionals="0" coveredconditionals="0" methods="1" coveredmethods="0"/>
          <line num="22" count="12" type="stmt"/>
          <line num="27" count="0" type="stmt"/>
          <line num="28" count="0" type="stmt"/>
          <line num="29" count="0" type="stmt"/>
          <line num="30" count="0" type="stmt"/>
          <line num="31" count="0" type="stmt"/>
          <line num="34" count="12" type="stmt"/>
        </file>
        <file name="service.ts" path="/home/travis/build/wasdk/WebAssemblyStudio/src/service.ts">
          <metrics statements="403" coveredstatements="52" conditionals="145" coveredconditionals="14" methods="112" coveredmethods="11"/>
          <line num="22" count="11" type="cond" truecount="3" falsecount="0"/>
          <line num="23" count="2" type="cond" truecount="2" falsecount="0"/>
          <line num="24" count="0" type="stmt"/>
          <line num="25" count="0" type="stmt"/>
          <line num="26" count="2" type="cond" truecount="1" falsecount="1"/>
          <line num="27" count="2" type="cond" truecount="2" falsecount="0"/>
          <line num="30" count="11" type="stmt"/>
          <line num="31" count="11" type="stmt"/>
          <line num="32" count="11" type="stmt"/>
          <line num="33" count="11" type="stmt"/>
          <line num="34" count="11" type="stmt"/>
          <line num="35" count="11" type="stmt"/>
          <line num="36" count="11" type="stmt"/>
          <line num="37" count="11" type="stmt"/>
          <line num="38" count="11" type="stmt"/>
          <line num="39" count="11" type="stmt"/>
          <line num="40" count="11" type="stmt"/>
          <line num="42" count="11" type="stmt"/>
          <line num="43" count="11" type="stmt"/>
          <line num="44" count="11" type="stmt"/>
          <line num="45" count="11" type="stmt"/>
          <line num="46" count="11" type="stmt"/>
          <line num="47" count="11" type="stmt"/>
          <line num="48" count="11" type="stmt"/>
          <line num="49" count="11" type="stmt"/>
          <line num="50" count="11" type="stmt"/>
          <line num="51" count="11" type="stmt"/>
          <line num="52" count="11" type="stmt"/>
          <line num="53" count="11" type="stmt"/>
          <line num="56" count="11" type="stmt"/>
          <line num="57" count="11" type="stmt"/>
          <line num="58" count="11" type="stmt"/>
          <line num="59" count="11" type="stmt"/>
          <line num="65" count="0" type="stmt"/>
          <line num="66" count="0" type="stmt"/>
          <line num="67" count="0" type="stmt"/>
          <line num="68" count="0" type="stmt"/>
          <line num="74" count="0" type="stmt"/>
          <line num="75" count="0" type="stmt"/>
          <line num="76" count="0" type="cond" truecount="0" falsecount="4"/>
          <line num="78" count="0" type="stmt"/>
          <line num="80" count="0" type="stmt"/>
          <line num="82" count="0" type="stmt"/>
          <line num="84" count="0" type="stmt"/>
          <line num="90" count="11" type="stmt"/>
          <line num="91" count="11" type="stmt"/>
          <line num="92" count="11" type="stmt"/>
          <line num="93" count="11" type="stmt"/>
          <line num="94" count="0" type="cond" truecount="0" falsecount="2"/>
          <line num="95" count="0" type="stmt"/>
          <line num="97" count="0" type="stmt"/>
          <line num="98" count="0" type="cond" truecount="0" falsecount="2"/>
          <line num="99" count="0" type="stmt"/>
          <line num="102" count="0" type="stmt"/>
          <line num="104" count="0" type="stmt"/>
          <line num="108" count="0" type="stmt"/>
          <line num="111" count="0" type="stmt"/>
          <line num="112" count="0" type="stmt"/>
          <line num="115" count="0" type="stmt"/>
          <line num="116" count="0" type="stmt"/>
          <line num="117" count="0" type="stmt"/>
          <line num="118" count="0" type="stmt"/>
          <line num="119" count="0" type="stmt"/>
          <line num="121" count="0" type="stmt"/>
          <line num="123" count="0" type="stmt"/>
          <line num="130" count="0" type="stmt"/>
          <line num="131" count="0" type="stmt"/>
          <line num="135" count="0" type="stmt"/>
          <line num="136" count="0" type="stmt"/>
          <line num="140" count="0" type="stmt"/>
          <line num="141" count="0" type="stmt"/>
          <line num="145" count="0" type="stmt"/>
          <line num="146" count="0" type="stmt"/>
          <line num="150" count="0" type="stmt"/>
          <line num="151" count="0" type="stmt"/>
          <line num="155" count="0" type="stmt"/>
          <line num="156" count="0" type="stmt"/>
          <line num="160" count="0" type="stmt"/>
          <line num="161" count="0" type="stmt"/>
          <line num="165" count="0" type="stmt"/>
          <line num="166" count="0" type="stmt"/>
          <line num="170" count="0" type="stmt"/>
          <line num="171" count="0" type="stmt"/>
          <line num="177" count="0" type="stmt"/>
          <line num="178" count="0" type="stmt"/>
          <line num="179" count="0" type="stmt"/>
          <line num="184" count="0" type="stmt"/>
          <line num="188" count="0" type="stmt"/>
          <line num="189" count="0" type="stmt"/>
          <line num="190" count="0" type="stmt"/>
          <line num="195" count="0" type="stmt"/>
          <line num="200" count="0" type="stmt"/>
          <line num="201" count="0" type="cond" truecount="0" falsecount="2"/>
          <line num="202" count="0" type="stmt"/>
          <line num="205" count="0" type="stmt"/>
          <line num="206" count="0" type="cond" truecount="0" falsecount="2"/>
          <line num="207" count="0" type="stmt"/>
          <line num="209" count="0" type="stmt"/>
          <line num="210" count="0" type="stmt"/>
          <line num="211" count="0" type="stmt"/>
          <line num="212" count="0" type="stmt"/>
          <line num="213" count="0" type="cond" truecount="0" falsecount="2"/>
          <line num="214" count="0" type="stmt"/>
          <line num="216" count="0" type="cond" truecount="0" falsecount="2"/>
          <line num="217" count="0" type="stmt"/>
          <line num="219" count="0" type="stmt"/>
          <line num="227" count="0" type="stmt"/>
          <line num="228" count="0" type="stmt"/>
          <line num="229" count="0" type="cond" truecount="0" falsecount="2"/>
          <line num="230" count="0" type="stmt"/>
          <line num="232" count="0" type="stmt"/>
          <line num="233" count="0" type="stmt"/>
          <line num="234" count="0" type="cond" truecount="0" falsecount="2"/>
          <line num="235" count="0" type="stmt"/>
          <line num="237" count="0" type="cond" truecount="0" falsecount="2"/>
          <line num="238" count="0" type="stmt"/>
          <line num="240" count="0" type="stmt"/>
          <line num="247" count="0" type="stmt"/>
          <line num="250" count="0" type="stmt"/>
          <line num="251" count="0" type="stmt"/>
          <line num="252" count="0" type="stmt"/>
          <line num="256" count="0" type="stmt"/>
          <line num="257" count="0" type="stmt"/>
          <line num="258" count="0" type="cond" truecount="0" falsecount="2"/>
          <line num="259" count="0" type="stmt"/>
          <line num="260" count="0" type="cond" truecount="0" falsecount="2"/>
          <line num="261" count="0" type="stmt"/>
          <line num="262" count="0" type="stmt"/>
          <line num="263" count="0" type="stmt"/>
          <line num="267" count="0" type="stmt"/>
          <line num="270" count="0" type="cond" truecount="0" falsecount="2"/>
          <line num="271" count="0" type="stmt"/>
          <line num="273" count="0" type="stmt"/>
          <line num="274" count="0" type="cond" truecount="0" falsecount="2"/>
          <line num="275" count="0" type="stmt"/>
          <line num="277" count="0" type="stmt"/>
          <line num="278" count="0" type="cond" truecount="0" falsecount="2"/>
          <line num="279" count="0" type="stmt"/>
          <line num="281" count="0" type="stmt"/>
          <line num="285" count="0" type="stmt"/>
          <line num="286" count="0" type="stmt"/>
          <line num="287" count="0" type="cond" truecount="0" falsecount="5"/>
          <line num="288" count="0" type="stmt"/>
          <line num="300" count="0" type="stmt"/>
          <line num="302" count="0" type="cond" truecount="0" falsecount="4"/>
          <line num="303" count="0" type="stmt"/>
          <line num="304" count="0" type="stmt"/>
          <line num="306" count="0" type="cond" truecount="0" falsecount="4"/>
          <line num="308" count="0" type="stmt"/>
          <line num="313" count="0" type="stmt"/>
          <line num="314" count="0" type="stmt"/>
          <line num="315" count="0" type="cond" truecount="0" falsecount="2"/>
          <line num="316" count="0" type="stmt"/>
          <line num="317" count="0" type="cond" truecount="0" falsecount="2"/>
          <line num="318" count="0" type="stmt"/>
          <line num="322" count="0" type="stmt"/>
          <line num="323" count="0" type="stmt"/>
          <line num="324" count="0" type="stmt"/>
          <line num="325" count="0" type="stmt"/>
          <line num="326" count="0" type="stmt"/>
          <line num="330" count="0" type="stmt"/>
          <line num="331" count="0" type="stmt"/>
          <line num="332" count="0" type="cond" truecount="0" falsecount="2"/>
          <line num="333" count="0" type="stmt"/>
          <line num="334" count="0" type="stmt"/>
          <line num="335" count="0" type="stmt"/>
          <line num="338" count="0" type="stmt"/>
          <line num="341" count="0" type="cond" truecount="0" falsecount="2"/>
          <line num="343" count="0" type="stmt"/>
          <line num="347" count="0" type="stmt"/>
          <line num="348" count="0" type="stmt"/>
          <line num="349" count="0" type="stmt"/>
          <line num="350" count="0" type="stmt"/>
          <line num="351" count="0" type="stmt"/>
          <line num="355" count="0" type="stmt"/>
          <line num="356" count="0" type="stmt"/>
          <line num="357" count="0" type="stmt"/>
          <line num="362" count="0" type="stmt"/>
          <line num="366" count="0" type="stmt"/>
          <line num="367" count="0" type="stmt"/>
          <line num="368" count="0" type="stmt"/>
          <line num="371" count="0" type="stmt"/>
          <line num="375" count="0" type="stmt"/>
          <line num="376" count="0" type="stmt"/>
          <line num="377" count="0" type="cond" truecount="0" falsecount="2"/>
          <line num="378" count="0" type="stmt"/>
          <line num="381" count="0" type="stmt"/>
          <line num="386" count="0" type="stmt"/>
          <line num="387" count="0" type="stmt"/>
          <line num="388" count="0" type="stmt"/>
          <line num="393" count="0" type="stmt"/>
          <line num="394" count="0" type="cond" truecount="0" falsecount="2"/>
          <line num="395" count="0" type="stmt"/>
          <line num="396" count="0" type="cond" truecount="0" falsecount="2"/>
          <line num="397" count="0" type="stmt"/>
          <line num="400" count="0" type="stmt"/>
          <line num="403" count="0" type="stmt"/>
          <line num="404" count="0" type="stmt"/>
          <line num="405" count="0" type="stmt"/>
          <line num="407" count="0" type="cond" truecount="0" falsecount="2"/>
          <line num="408" count="0" type="stmt"/>
          <line num="411" count="0" type="stmt"/>
          <line num="414" count="0" type="stmt"/>
          <line num="415" count="0" type="stmt"/>
          <line num="416" count="0" type="cond" truecount="0" falsecount="2"/>
          <line num="417" count="0" type="stmt"/>
          <line num="419" count="0" type="stmt"/>
          <line num="423" count="0" type="stmt"/>
          <line num="424" count="0" type="stmt"/>
          <line num="425" count="0" type="stmt"/>
          <line num="428" count="0" type="cond" truecount="0" falsecount="2"/>
          <line num="429" count="0" type="stmt"/>
          <line num="430" count="0" type="stmt"/>
          <line num="433" count="0" type="stmt"/>
          <line num="434" count="0" type="stmt"/>
          <line num="436" count="0" type="stmt"/>
          <line num="441" count="0" type="stmt"/>
          <line num="443" count="0" type="stmt"/>
          <line num="449" count="0" type="stmt"/>
          <line num="450" count="0" type="stmt"/>
          <line num="451" count="0" type="stmt"/>
          <line num="452" count="0" type="stmt"/>
          <line num="454" count="0" type="cond" truecount="0" falsecount="2"/>
          <line num="455" count="0" type="cond" truecount="0" falsecount="2"/>
          <line num="456" count="0" type="stmt"/>
          <line num="459" count="0" type="stmt"/>
          <line num="463" count="0" type="stmt"/>
          <line num="464" count="0" type="cond" truecount="0" falsecount="2"/>
          <line num="465" count="0" type="stmt"/>
          <line num="468" count="0" type="stmt"/>
          <line num="471" count="0" type="stmt"/>
          <line num="476" count="4" type="stmt"/>
          <line num="477" count="4" type="cond" truecount="1" falsecount="1"/>
          <line num="478" count="4" type="stmt"/>
          <line num="479" count="4" type="stmt"/>
          <line num="480" count="4" type="stmt"/>
          <line num="481" count="4" type="stmt"/>
          <line num="482" count="4" type="stmt"/>
          <line num="483" count="4" type="stmt"/>
          <line num="484" count="4" type="stmt"/>
          <line num="485" count="4" type="stmt"/>
          <line num="486" count="0" type="cond" truecount="0" falsecount="2"/>
          <line num="487" count="0" type="stmt"/>
          <line num="493" count="0" type="stmt"/>
          <line num="494" count="0" type="stmt"/>
          <line num="495" count="0" type="stmt"/>
          <line num="496" count="0" type="stmt"/>
          <line num="497" count="0" type="cond" truecount="0" falsecount="2"/>
          <line num="498" count="0" type="stmt"/>
          <line num="499" count="0" type="cond" truecount="0" falsecount="2"/>
          <line num="500" count="0" type="stmt"/>
          <line num="501" count="0" type="stmt"/>
          <line num="505" count="0" type="stmt"/>
          <line num="506" count="0" type="stmt"/>
          <line num="507" count="0" type="stmt"/>
          <line num="508" count="0" type="cond" truecount="0" falsecount="2"/>
          <line num="509" count="0" type="stmt"/>
          <line num="510" count="0" type="cond" truecount="0" falsecount="2"/>
          <line num="511" count="0" type="stmt"/>
          <line num="515" count="0" type="stmt"/>
          <line num="516" count="0" type="stmt"/>
          <line num="517" count="0" type="stmt"/>
          <line num="518" count="0" type="cond" truecount="0" falsecount="2"/>
          <line num="519" count="0" type="stmt"/>
          <line num="520" count="0" type="cond" truecount="0" falsecount="2"/>
          <line num="521" count="0" type="stmt"/>
          <line num="522" count="0" type="stmt"/>
          <line num="523" count="0" type="stmt"/>
          <line num="527" count="0" type="stmt"/>
          <line num="528" count="0" type="stmt"/>
          <line num="529" count="0" type="stmt"/>
          <line num="530" count="0" type="cond" truecount="0" falsecount="2"/>
          <line num="531" count="0" type="stmt"/>
          <line num="532" count="0" type="cond" truecount="0" falsecount="2"/>
          <line num="533" count="0" type="stmt"/>
          <line num="534" count="0" type="stmt"/>
          <line num="535" count="0" type="stmt"/>
          <line num="539" count="0" type="stmt"/>
          <line num="540" count="0" type="stmt"/>
          <line num="541" count="0" type="stmt"/>
          <line num="542" count="0" type="cond" truecount="0" falsecount="2"/>
          <line num="543" count="0" type="stmt"/>
          <line num="544" count="0" type="cond" truecount="0" falsecount="2"/>
          <line num="545" count="0" type="stmt"/>
          <line num="546" count="0" type="stmt"/>
          <line num="547" count="0" type="stmt"/>
          <line num="551" count="0" type="stmt"/>
          <line num="552" count="0" type="stmt"/>
          <line num="553" count="0" type="stmt"/>
          <line num="554" count="0" type="cond" truecount="0" falsecount="2"/>
          <line num="555" count="0" type="stmt"/>
          <line num="556" count="0" type="cond" truecount="0" falsecount="2"/>
          <line num="557" count="0" type="stmt"/>
          <line num="558" count="0" type="stmt"/>
          <line num="559" count="0" type="stmt"/>
          <line num="563" count="0" type="cond" truecount="0" falsecount="2"/>
          <line num="564" count="0" type="stmt"/>
          <line num="565" count="0" type="stmt"/>
          <line num="566" count="0" type="stmt"/>
          <line num="568" count="0" type="stmt"/>
          <line num="569" count="0" type="stmt"/>
          <line num="570" count="0" type="stmt"/>
          <line num="571" count="0" type="cond" truecount="0" falsecount="2"/>
          <line num="572" count="0" type="stmt"/>
          <line num="577" count="0" type="stmt"/>
          <line num="578" count="0" type="stmt"/>
          <line num="580" count="0" type="stmt"/>
          <line num="581" count="0" type="stmt"/>
          <line num="583" count="0" type="cond" truecount="0" falsecount="2"/>
          <line num="584" count="0" type="stmt"/>
          <line num="587" count="0" type="stmt"/>
          <line num="588" count="0" type="stmt"/>
          <line num="589" count="0" type="stmt"/>
          <line num="590" count="0" type="stmt"/>
          <line num="592" count="0" type="stmt"/>
          <line num="596" count="0" type="stmt"/>
          <line num="601" count="0" type="stmt"/>
          <line num="602" count="0" type="stmt"/>
          <line num="603" count="0" type="cond" truecount="0" falsecount="2"/>
          <line num="604" count="0" type="stmt"/>
          <line num="606" count="0" type="stmt"/>
          <line num="608" count="0" type="stmt"/>
          <line num="610" count="0" type="stmt"/>
          <line num="611" count="0" type="stmt"/>
          <line num="612" count="0" type="stmt"/>
          <line num="613" count="0" type="stmt"/>
          <line num="614" count="0" type="stmt"/>
          <line num="615" count="0" type="stmt"/>
          <line num="616" count="0" type="stmt"/>
          <line num="617" count="0" type="stmt"/>
          <line num="618" count="0" type="stmt"/>
          <line num="619" count="0" type="stmt"/>
          <line num="620" count="0" type="stmt"/>
          <line num="621" count="0" type="stmt"/>
          <line num="622" count="0" type="stmt"/>
          <line num="623" count="0" type="stmt"/>
          <line num="624" count="0" type="cond" truecount="0" falsecount="2"/>
          <line num="625" count="0" type="stmt"/>
          <line num="626" count="0" type="cond" truecount="0" falsecount="2"/>
          <line num="627" count="0" type="stmt"/>
          <line num="629" count="0" type="stmt"/>
          <line num="630" count="0" type="cond" truecount="0" falsecount="2"/>
          <line num="631" count="0" type="stmt"/>
          <line num="635" count="0" type="stmt"/>
          <line num="636" count="0" type="cond" truecount="0" falsecount="2"/>
          <line num="637" count="0" type="stmt"/>
          <line num="638" count="0" type="cond" truecount="0" falsecount="2"/>
          <line num="639" count="0" type="stmt"/>
          <line num="641" count="0" type="stmt"/>
          <line num="643" count="0" type="stmt"/>
          <line num="644" count="0" type="stmt"/>
          <line num="646" count="0" type="stmt"/>
          <line num="648" count="0" type="stmt"/>
          <line num="652" count="0" type="stmt"/>
          <line num="653" count="0" type="cond" truecount="0" falsecount="2"/>
          <line num="654" count="0" type="stmt"/>
          <line num="656" count="0" type="stmt"/>
          <line num="657" count="0" type="cond" truecount="0" falsecount="2"/>
          <line num="658" count="0" type="stmt"/>
          <line num="659" count="0" type="stmt"/>
          <line num="660" count="0" type="stmt"/>
          <line num="661" count="0" type="stmt"/>
          <line num="667" count="0" type="stmt"/>
          <line num="670" count="0" type="stmt"/>
          <line num="671" count="0" type="stmt"/>
          <line num="672" count="0" type="stmt"/>
          <line num="673" count="0" type="stmt"/>
          <line num="674" count="0" type="stmt"/>
          <line num="675" count="0" type="stmt"/>
          <line num="676" count="0" type="stmt"/>
          <line num="678" count="0" type="stmt"/>
          <line num="680" count="0" type="stmt"/>
          <line num="681" count="0" type="stmt"/>
          <line num="682" count="0" type="stmt"/>
          <line num="683" count="0" type="stmt"/>
          <line num="684" count="0" type="stmt"/>
          <line num="685" count="0" type="stmt"/>
          <line num="687" count="0" type="stmt"/>
          <line num="688" count="0" type="stmt"/>
          <line num="689" count="0" type="stmt"/>
          <line num="691" count="0" type="stmt"/>
          <line num="692" count="0" type="stmt"/>
          <line num="693" count="0" type="stmt"/>
          <line num="697" count="2" type="stmt"/>
          <line num="698" count="2" type="cond" truecount="1" falsecount="1"/>
          <line num="699" count="2" type="stmt"/>
          <line num="701" count="0" type="stmt"/>
          <line num="702" count="0" type="stmt"/>
          <line num="703" count="0" type="stmt"/>
          <line num="707" count="0" type="stmt"/>
          <line num="708" count="0" type="stmt"/>
          <line num="709" count="0" type="stmt"/>
          <line num="710" count="0" type="cond" truecount="0" falsecount="2"/>
          <line num="711" count="0" type="stmt"/>
          <line num="712" count="0" type="stmt"/>
          <line num="713" count="0" type="stmt"/>
          <line num="714" count="0" type="stmt"/>
          <line num="715" count="0" type="cond" truecount="0" falsecount="2"/>
          <line num="716" count="0" type="stmt"/>
          <line num="720" count="11" type="stmt"/>
          <line num="721" count="11" type="stmt"/>
          <line num="722" count="11" type="stmt"/>
          <line num="723" count="11" type="stmt"/>
        </file>
        <file name="util.ts" path="/home/travis/build/wasdk/WebAssemblyStudio/src/util.ts">
          <metrics statements="97" coveredstatements="23" conditionals="16" coveredconditionals="1" methods="13" coveredmethods="1"/>
          <line num="22" count="12" type="stmt"/>
          <line num="24" count="0" type="stmt"/>
          <line num="25" count="0" type="stmt"/>
          <line num="26" count="0" type="stmt"/>
          <line num="28" count="0" type="stmt"/>
          <line num="30" count="12" type="stmt"/>
          <line num="32" count="0" type="stmt"/>
          <line num="33" count="0" type="stmt"/>
          <line num="34" count="0" type="stmt"/>
          <line num="36" count="0" type="stmt"/>
          <line num="38" count="12" type="stmt"/>
          <line num="40" count="0" type="stmt"/>
          <line num="41" count="0" type="stmt"/>
          <line num="42" count="0" type="stmt"/>
          <line num="44" count="0" type="stmt"/>
          <line num="46" count="12" type="stmt"/>
          <line num="47" count="12" type="stmt"/>
          <line num="53" count="0" type="stmt"/>
          <line num="55" count="12" type="stmt"/>
          <line num="56" count="12" type="stmt"/>
          <line num="64" count="12" type="stmt"/>
          <line num="65" count="12" type="stmt"/>
          <line num="66" count="12" type="stmt"/>
          <line num="67" count="12" type="stmt"/>
          <line num="68" count="12" type="stmt"/>
          <line num="78" count="0" type="stmt"/>
          <line num="79" count="0" type="stmt"/>
          <line num="80" count="0" type="stmt"/>
          <line num="81" count="0" type="stmt"/>
          <line num="83" count="12" type="stmt"/>
          <line num="85" count="0" type="stmt"/>
          <line num="86" count="0" type="stmt"/>
          <line num="87" count="0" type="stmt"/>
          <line num="88" count="0" type="stmt"/>
          <line num="89" count="0" type="stmt"/>
          <line num="91" count="12" type="stmt"/>
          <line num="94" count="0" type="stmt"/>
          <line num="95" count="0" type="stmt"/>
          <line num="96" count="0" type="stmt"/>
          <line num="97" count="0" type="stmt"/>
          <line num="98" count="0" type="stmt"/>
          <line num="105" count="0" type="stmt"/>
          <line num="107" count="0" type="stmt"/>
          <line num="109" count="0" type="stmt"/>
          <line num="110" count="0" type="stmt"/>
          <line num="111" count="0" type="stmt"/>
          <line num="112" count="0" type="stmt"/>
          <line num="114" count="0" type="stmt"/>
          <line num="117" count="0" type="cond" truecount="0" falsecount="2"/>
          <line num="118" count="0" type="stmt"/>
          <line num="119" count="0" type="stmt"/>
          <line num="121" count="0" type="stmt"/>
          <line num="122" count="0" type="stmt"/>
          <line num="124" count="0" type="cond" truecount="0" falsecount="2"/>
          <line num="125" count="0" type="stmt"/>
          <line num="126" count="0" type="stmt"/>
          <line num="127" count="0" type="stmt"/>
          <line num="129" count="0" type="stmt"/>
          <line num="130" count="0" type="stmt"/>
          <line num="132" count="0" type="stmt"/>
          <line num="134" count="12" type="stmt"/>
          <line num="139" count="0" type="stmt"/>
          <line num="140" count="0" type="cond" truecount="0" falsecount="4"/>
          <line num="141" count="0" type="stmt"/>
          <line num="142" count="0" type="stmt"/>
          <line num="143" count="0" type="stmt"/>
          <line num="144" count="0" type="stmt"/>
          <line num="145" count="0" type="stmt"/>
          <line num="146" count="0" type="stmt"/>
          <line num="147" count="0" type="stmt"/>
          <line num="148" count="0" type="stmt"/>
          <line num="149" count="0" type="cond" truecount="0" falsecount="2"/>
          <line num="150" count="0" type="stmt"/>
          <line num="152" count="0" type="stmt"/>
          <line num="153" count="0" type="stmt"/>
          <line num="154" count="0" type="stmt"/>
          <line num="155" count="0" type="cond" truecount="0" falsecount="2"/>
          <line num="156" count="0" type="stmt"/>
          <line num="158" count="0" type="stmt"/>
          <line num="159" count="0" type="stmt"/>
          <line num="161" count="0" type="stmt"/>
          <line num="163" count="12" type="stmt"/>
          <line num="164" count="12" type="stmt"/>
          <line num="165" count="12" type="stmt"/>
          <line num="167" count="0" type="cond" truecount="0" falsecount="2"/>
          <line num="168" count="0" type="stmt"/>
          <line num="170" count="0" type="stmt"/>
          <line num="171" count="0" type="stmt"/>
          <line num="172" count="0" type="stmt"/>
          <line num="175" count="12" type="stmt"/>
          <line num="177" count="0" type="stmt"/>
          <line num="179" count="12" type="stmt"/>
          <line num="181" count="47" type="cond" truecount="1" falsecount="1"/>
          <line num="182" count="0" type="stmt"/>
          <line num="185" count="12" type="stmt"/>
          <line num="187" count="0" type="stmt"/>
          <line num="189" count="12" type="stmt"/>
        </file>
        <file name="worker.ts" path="/home/travis/build/wasdk/WebAssemblyStudio/src/worker.ts">
          <metrics statements="116" coveredstatements="0" conditionals="29" coveredconditionals="0" methods="38" coveredmethods="0"/>
          <line num="22" count="0" type="cond" truecount="0" falsecount="3"/>
          <line num="23" count="0" type="cond" truecount="0" falsecount="2"/>
          <line num="24" count="0" type="stmt"/>
          <line num="25" count="0" type="stmt"/>
          <line num="26" count="0" type="cond" truecount="0" falsecount="2"/>
          <line num="27" count="0" type="cond" truecount="0" falsecount="2"/>
          <line num="30" count="0" type="stmt"/>
          <line num="31" count="0" type="stmt"/>
          <line num="33" count="0" type="cond" truecount="0" falsecount="2"/>
          <line num="34" count="0" type="stmt"/>
          <line num="38" count="0" type="stmt"/>
          <line num="39" count="0" type="cond" truecount="0" falsecount="2"/>
          <line num="40" count="0" type="stmt"/>
          <line num="45" count="0" type="stmt"/>
          <line num="46" count="0" type="cond" truecount="0" falsecount="2"/>
          <line num="47" count="0" type="stmt"/>
          <line num="48" count="0" type="stmt"/>
          <line num="52" count="0" type="stmt"/>
          <line num="54" count="0" type="stmt"/>
          <line num="55" count="0" type="cond" truecount="0" falsecount="2"/>
          <line num="56" count="0" type="stmt"/>
          <line num="57" count="0" type="stmt"/>
          <line num="58" count="0" type="stmt"/>
          <line num="68" count="0" type="stmt"/>
          <line num="69" count="0" type="stmt"/>
          <line num="80" count="0" type="stmt"/>
          <line num="81" count="0" type="stmt"/>
          <line num="84" count="0" type="stmt"/>
          <line num="85" count="0" type="stmt"/>
          <line num="90" count="0" type="stmt"/>
          <line num="91" count="0" type="stmt"/>
          <line num="94" count="0" type="stmt"/>
          <line num="97" count="0" type="stmt"/>
          <line num="99" count="0" type="stmt"/>
          <line num="103" count="0" type="stmt"/>
          <line num="104" count="0" type="stmt"/>
          <line num="105" count="0" type="stmt"/>
          <line num="106" count="0" type="stmt"/>
          <line num="107" count="0" type="stmt"/>
          <line num="111" count="0" type="stmt"/>
          <line num="112" count="0" type="stmt"/>
          <line num="113" count="0" type="stmt"/>
          <line num="114" count="0" type="stmt"/>
          <line num="118" count="0" type="stmt"/>
          <line num="119" count="0" type="stmt"/>
          <line num="120" count="0" type="stmt"/>
          <line num="121" count="0" type="stmt"/>
          <line num="122" count="0" type="stmt"/>
          <line num="123" count="0" type="stmt"/>
          <line num="124" count="0" type="stmt"/>
          <line num="125" count="0" type="stmt"/>
          <line num="126" count="0" type="stmt"/>
          <line num="130" count="0" type="stmt"/>
          <line num="131" count="0" type="stmt"/>
          <line num="132" count="0" type="stmt"/>
          <line num="133" count="0" type="stmt"/>
          <line num="134" count="0" type="stmt"/>
          <line num="138" count="0" type="stmt"/>
          <line num="139" count="0" type="stmt"/>
          <line num="140" count="0" type="stmt"/>
          <line num="141" count="0" type="stmt"/>
          <line num="145" count="0" type="stmt"/>
          <line num="146" count="0" type="stmt"/>
          <line num="147" count="0" type="stmt"/>
          <line num="148" count="0" type="stmt"/>
          <line num="152" count="0" type="stmt"/>
          <line num="153" count="0" type="stmt"/>
          <line num="154" count="0" type="stmt"/>
          <line num="155" count="0" type="stmt"/>
          <line num="156" count="0" type="stmt"/>
          <line num="157" count="0" type="stmt"/>
          <line num="161" count="0" type="stmt"/>
          <line num="162" count="0" type="stmt"/>
          <line num="163" count="0" type="stmt"/>
          <line num="164" count="0" type="stmt"/>
          <line num="165" count="0" type="stmt"/>
          <line num="166" count="0" type="stmt"/>
          <line num="170" count="0" type="stmt"/>
          <line num="171" count="0" type="stmt"/>
          <line num="173" count="0" type="stmt"/>
          <line num="174" count="0" type="stmt"/>
          <line num="176" count="0" type="stmt"/>
          <line num="177" count="0" type="stmt"/>
          <line num="178" count="0" type="stmt"/>
          <line num="179" count="0" type="stmt"/>
          <line num="180" count="0" type="stmt"/>
          <line num="181" count="0" type="stmt"/>
          <line num="182" count="0" type="stmt"/>
          <line num="183" count="0" type="stmt"/>
          <line num="184" count="0" type="cond" truecount="0" falsecount="2"/>
          <line num="185" count="0" type="stmt"/>
          <line num="188" count="0" type="stmt"/>
          <line num="191" count="0" type="cond" truecount="0" falsecount="2"/>
          <line num="192" count="0" type="stmt"/>
          <line num="204" count="0" type="stmt"/>
          <line num="205" count="0" type="stmt"/>
          <line num="206" count="0" type="stmt"/>
          <line num="208" count="0" type="stmt"/>
          <line num="209" count="0" type="stmt"/>
          <line num="210" count="0" type="stmt"/>
          <line num="211" count="0" type="stmt"/>
          <line num="213" count="0" type="stmt"/>
          <line num="214" count="0" type="stmt"/>
          <line num="215" count="0" type="stmt"/>
          <line num="217" count="0" type="cond" truecount="0" falsecount="2"/>
          <line num="218" count="0" type="stmt"/>
          <line num="220" count="0" type="stmt"/>
          <line num="221" count="0" type="cond" truecount="0" falsecount="2"/>
          <line num="222" count="0" type="stmt"/>
          <line num="223" count="0" type="cond" truecount="0" falsecount="2"/>
          <line num="224" count="0" type="stmt"/>
          <line num="227" count="0" type="stmt"/>
          <line num="232" count="0" type="stmt"/>
          <line num="233" count="0" type="cond" truecount="0" falsecount="2"/>
          <line num="234" count="0" type="stmt"/>
          <line num="236" count="0" type="stmt"/>
        </file>
      </package>
      <package name="src.actions">
        <metrics statements="136" coveredstatements="53" conditionals="36" coveredconditionals="5" methods="49" coveredmethods="3"/>
        <file name="AppActions.ts" path="/home/travis/build/wasdk/WebAssemblyStudio/src/actions/AppActions.ts">
          <metrics statements="119" coveredstatements="53" conditionals="27" coveredconditionals="5" methods="40" coveredmethods="3"/>
          <line num="22" count="6" type="cond" truecount="3" falsecount="0"/>
          <line num="23" count="0" type="cond" truecount="0" falsecount="2"/>
          <line num="24" count="0" type="stmt"/>
          <line num="25" count="0" type="stmt"/>
          <line num="26" count="0" type="cond" truecount="0" falsecount="2"/>
          <line num="27" count="0" type="cond" truecount="0" falsecount="2"/>
          <line num="30" count="6" type="stmt"/>
          <line num="31" count="6" type="stmt"/>
          <line num="32" count="6" type="stmt"/>
          <line num="33" count="6" type="stmt"/>
          <line num="34" count="6" type="stmt"/>
          <line num="35" count="6" type="stmt"/>
          <line num="36" count="6" type="stmt"/>
          <line num="37" count="6" type="stmt"/>
          <line num="38" count="6" type="stmt"/>
          <line num="40" count="6" type="stmt"/>
          <line num="41" count="6" type="stmt"/>
          <line num="42" count="6" type="stmt"/>
          <line num="43" count="6" type="stmt"/>
          <line num="44" count="6" type="stmt"/>
          <line num="45" count="6" type="stmt"/>
          <line num="46" count="6" type="stmt"/>
          <line num="47" count="6" type="stmt"/>
          <line num="48" count="6" type="stmt"/>
          <line num="49" count="6" type="stmt"/>
          <line num="50" count="6" type="stmt"/>
          <line num="51" count="6" type="stmt"/>
          <line num="52" count="6" type="stmt"/>
          <line num="53" count="6" type="stmt"/>
          <line num="54" count="6" type="stmt"/>
          <line num="55" count="6" type="stmt"/>
          <line num="56" count="6" type="stmt"/>
          <line num="57" count="6" type="stmt"/>
          <line num="58" count="6" type="stmt"/>
          <line num="61" count="0" type="stmt"/>
          <line num="67" count="6" type="stmt"/>
          <line num="69" count="0" type="stmt"/>
          <line num="74" count="6" type="stmt"/>
          <line num="76" count="1" type="stmt"/>
          <line num="80" count="6" type="stmt"/>
          <line num="82" count="0" type="stmt"/>
          <line num="89" count="6" type="stmt"/>
          <line num="91" count="0" type="stmt"/>
          <line num="96" count="6" type="stmt"/>
          <line num="98" count="2" type="stmt"/>
          <line num="104" count="6" type="stmt"/>
          <line num="106" count="0" type="stmt"/>
          <line num="110" count="6" type="stmt"/>
          <line num="112" count="0" type="stmt"/>
          <line num="118" count="6" type="stmt"/>
          <line num="120" count="0" type="stmt"/>
          <line num="125" count="6" type="stmt"/>
          <line num="127" count="0" type="stmt"/>
          <line num="132" count="6" type="stmt"/>
          <line num="134" count="0" type="stmt"/>
          <line num="141" count="6" type="stmt"/>
          <line num="143" count="0" type="stmt"/>
          <line num="148" count="6" type="stmt"/>
          <line num="150" count="0" type="stmt"/>
          <line num="151" count="0" type="stmt"/>
          <line num="152" count="0" type="stmt"/>
          <line num="153" count="0" type="stmt"/>
          <line num="157" count="0" type="cond" truecount="0" falsecount="2"/>
          <line num="158" count="0" type="stmt"/>
          <line num="162" count="6" type="stmt"/>
          <line num="164" count="0" type="stmt"/>
          <line num="165" count="0" type="stmt"/>
          <line num="166" count="0" type="stmt"/>
          <line num="167" count="0" type="stmt"/>
          <line num="168" count="0" type="stmt"/>
          <line num="169" count="0" type="stmt"/>
          <line num="171" count="0" type="stmt"/>
          <line num="172" count="0" type="stmt"/>
          <line num="173" count="0" type="stmt"/>
          <line num="178" count="6" type="stmt"/>
          <line num="180" count="0" type="stmt"/>
          <line num="181" count="0" type="stmt"/>
          <line num="184" count="6" type="stmt"/>
          <line num="186" count="0" type="stmt"/>
          <line num="191" count="6" type="stmt"/>
          <line num="193" count="0" type="stmt"/>
          <line num="198" count="6" type="stmt"/>
          <line num="200" count="0" type="stmt"/>
          <line num="204" count="6" type="stmt"/>
          <line num="206" count="0" type="stmt"/>
          <line num="208" count="0" type="stmt"/>
          <line num="209" count="0" type="stmt"/>
          <line num="210" count="0" type="stmt"/>
          <line num="212" count="0" type="stmt"/>
          <line num="213" count="0" type="cond" truecount="0" falsecount="2"/>
          <line num="214" count="0" type="stmt"/>
          <line num="217" count="0" type="cond" truecount="0" falsecount="2"/>
          <line num="218" count="0" type="stmt"/>
          <line num="219" count="0" type="stmt"/>
          <line num="222" count="0" type="cond" truecount="0" falsecount="2"/>
          <line num="223" count="0" type="stmt"/>
          <line num="226" count="0" type="stmt"/>
          <line num="232" count="6" type="stmt"/>
          <line num="234" count="0" type="stmt"/>
          <line num="235" count="0" type="stmt"/>
          <line num="236" count="0" type="stmt"/>
          <line num="237" count="0" type="stmt"/>
          <line num="238" count="0" type="stmt"/>
          <line num="239" count="0" type="stmt"/>
          <line num="240" count="0" type="stmt"/>
          <line num="241" count="0" type="stmt"/>
          <line num="243" count="0" type="stmt"/>
          <line num="244" count="0" type="cond" truecount="0" falsecount="2"/>
          <line num="245" count="0" type="stmt"/>
          <line num="246" count="0" type="stmt"/>
          <line num="248" count="0" type="stmt"/>
          <line num="254" count="6" type="stmt"/>
          <line num="256" count="0" type="stmt"/>
          <line num="257" count="0" type="stmt"/>
          <line num="258" count="0" type="stmt"/>
          <line num="259" count="0" type="stmt"/>
          <line num="262" count="6" type="stmt"/>
          <line num="264" count="0" type="stmt"/>
          <line num="270" count="6" type="stmt"/>
        </file>
        <file name="ArcActions.ts" path="/home/travis/build/wasdk/WebAssemblyStudio/src/actions/ArcActions.ts">
          <metrics statements="17" coveredstatements="0" conditionals="9" coveredconditionals="0" methods="9" coveredmethods="0"/>
          <line num="22" count="0" type="cond" truecount="0" falsecount="3"/>
          <line num="23" count="0" type="cond" truecount="0" falsecount="2"/>
          <line num="24" count="0" type="stmt"/>
          <line num="25" count="0" type="stmt"/>
          <line num="26" count="0" type="cond" truecount="0" falsecount="2"/>
          <line num="27" count="0" type="cond" truecount="0" falsecount="2"/>
          <line num="30" count="0" type="stmt"/>
          <line num="31" count="0" type="stmt"/>
          <line num="32" count="0" type="stmt"/>
          <line num="33" count="0" type="stmt"/>
          <line num="35" count="0" type="stmt"/>
          <line num="36" count="0" type="stmt"/>
          <line num="37" count="0" type="stmt"/>
          <line num="38" count="0" type="stmt"/>
          <line num="41" count="0" type="stmt"/>
          <line num="43" count="0" type="stmt"/>
          <line num="45" count="0" type="stmt"/>
[...]
          <line num="189" count="0" type="stmt"/>
          <line num="192" count="0" type="stmt"/>
          <line num="193" count="0" type="stmt"/>
          <line num="195" count="0" type="stmt"/>
          <line num="198" count="0" type="stmt"/>
          <line num="199" count="0" type="stmt"/>
          <line num="200" count="0" type="cond" truecount="0" falsecount="4"/>
          <line num="201" count="0" type="stmt"/>
          <line num="203" count="0" type="stmt"/>
          <line num="204" count="0" type="cond" truecount="0" falsecount="2"/>
          <line num="205" count="0" type="stmt"/>
          <line num="206" count="0" type="cond" truecount="0" falsecount="2"/>
          <line num="207" count="0" type="stmt"/>
          <line num="211" count="0" type="stmt"/>
          <line num="212" count="0" type="stmt"/>
          <line num="213" count="0" type="stmt"/>
          <line num="214" count="0" type="stmt"/>
          <line num="216" count="0" type="stmt"/>
          <line num="217" count="0" type="stmt"/>
          <line num="219" count="0" type="stmt"/>
          <line num="220" count="0" type="stmt"/>
          <line num="221" count="0" type="stmt"/>
          <line num="229" count="0" type="stmt"/>
          <line num="230" count="0" type="stmt"/>
          <line num="233" count="0" type="stmt"/>
          <line num="239" count="8" type="cond" truecount="2" falsecount="16"/>
          <line num="241" count="0" type="stmt"/>
          <line num="242" count="0" type="stmt"/>
          <line num="243" count="0" type="stmt"/>
          <line num="246" count="0" type="stmt"/>
          <line num="247" count="0" type="stmt"/>
          <line num="248" count="0" type="stmt"/>
          <line num="251" count="0" type="stmt"/>
          <line num="252" count="0" type="stmt"/>
          <line num="253" count="0" type="stmt"/>
          <line num="256" count="0" type="stmt"/>
          <line num="257" count="0" type="stmt"/>
          <line num="258" count="0" type="stmt"/>
          <line num="259" count="0" type="stmt"/>
          <line num="262" count="0" type="stmt"/>
          <line num="263" count="0" type="stmt"/>
          <line num="264" count="0" type="stmt"/>
          <line num="267" count="0" type="stmt"/>
          <line num="268" count="0" type="stmt"/>
          <line num="269" count="0" type="stmt"/>
          <line num="272" count="0" type="stmt"/>
          <line num="273" count="0" type="stmt"/>
          <line num="276" count="0" type="stmt"/>
          <line num="277" count="0" type="stmt"/>
          <line num="278" count="0" type="stmt"/>
          <line num="281" count="0" type="stmt"/>
          <line num="282" count="0" type="stmt"/>
          <line num="283" count="0" type="stmt"/>
          <line num="286" count="0" type="stmt"/>
          <line num="287" count="0" type="stmt"/>
          <line num="288" count="0" type="stmt"/>
          <line num="291" count="0" type="stmt"/>
          <line num="292" count="0" type="stmt"/>
          <line num="293" count="0" type="stmt"/>
          <line num="296" count="0" type="stmt"/>
          <line num="297" count="0" type="stmt"/>
          <line num="300" count="6" type="stmt"/>
          <line num="301" count="6" type="stmt"/>
          <line num="304" count="0" type="stmt"/>
          <line num="305" count="0" type="stmt"/>
          <line num="306" count="0" type="stmt"/>
          <line num="309" count="2" type="stmt"/>
          <line num="310" count="2" type="stmt"/>
          <line num="311" count="2" type="stmt"/>
          <line num="314" count="0" type="stmt"/>
          <line num="315" count="0" type="stmt"/>
          <line num="316" count="0" type="stmt"/>
          <line num="319" count="0" type="stmt"/>
          <line num="320" count="0" type="stmt"/>
          <line num="323" count="0" type="stmt"/>
          <line num="324" count="0" type="stmt"/>
          <line num="325" count="0" type="stmt"/>
          <line num="330" count="6" type="stmt"/>
          <line num="331" count="6" type="stmt"/>
          <line num="332" count="8" type="stmt"/>
          <line num="333" count="6" type="stmt"/>
        </file>
      </package>
      <package name="src.utils">
        <metrics statements="246" coveredstatements="76" conditionals="122" coveredconditionals="27" methods="74" coveredmethods="13"/>
        <file name="download.ts" path="/home/travis/build/wasdk/WebAssemblyStudio/src/utils/download.ts">
          <metrics statements="32" coveredstatements="0" conditionals="13" coveredconditionals="0" methods="11" coveredmethods="0"/>
          <line num="22" count="0" type="cond" truecount="0" falsecount="3"/>
          <line num="23" count="0" type="cond" truecount="0" falsecount="2"/>
          <line num="24" count="0" type="stmt"/>
          <line num="25" count="0" type="stmt"/>
          <line num="26" count="0" type="cond" truecount="0" falsecount="2"/>
          <line num="27" count="0" type="cond" truecount="0" falsecount="2"/>
          <line num="30" count="0" type="stmt"/>
          <line num="31" count="0" type="stmt"/>
          <line num="32" count="0" type="stmt"/>
          <line num="34" count="0" type="stmt"/>
          <line num="35" count="0" type="stmt"/>
          <line num="36" count="0" type="stmt"/>
          <line num="37" count="0" type="cond" truecount="0" falsecount="2"/>
          <line num="38" count="0" type="stmt"/>
          <line num="40" count="0" type="stmt"/>
          <line num="41" count="0" type="stmt"/>
          <line num="42" count="0" type="stmt"/>
          <line num="43" count="0" type="stmt"/>
          <line num="44" count="0" type="stmt"/>
          <line num="45" count="0" type="cond" truecount="0" falsecount="2"/>
          <line num="46" count="0" type="stmt"/>
          <line num="47" count="0" type="stmt"/>
          <line num="48" count="0" type="stmt"/>
          <line num="50" count="0" type="stmt"/>
          <line num="52" count="0" type="stmt"/>
          <line num="54" count="0" type="stmt"/>
          <line num="55" count="0" type="stmt"/>
          <line num="56" count="0" type="stmt"/>
          <line num="59" count="0" type="stmt"/>
          <line num="60" count="0" type="stmt"/>
          <line num="61" count="0" type="stmt"/>
          <line num="65" count="0" type="stmt"/>
        </file>
        <file name="fetchTemplates.ts" path="/home/travis/build/wasdk/WebAssemblyStudio/src/utils/fetchTemplates.ts">
          <metrics statements="11" coveredstatements="0" conditionals="9" coveredconditionals="0" methods="8" coveredmethods="0"/>
          <line num="22" count="0" type="cond" truecount="0" falsecount="3"/>
          <line num="23" count="0" type="cond" truecount="0" falsecount="2"/>
          <line num="24" count="0" type="stmt"/>
          <line num="25" count="0" type="stmt"/>
          <line num="26" count="0" type="cond" truecount="0" falsecount="2"/>
          <line num="27" count="0" type="cond" truecount="0" falsecount="2"/>
          <line num="30" count="0" type="stmt"/>
          <line num="32" count="0" type="stmt"/>
          <line num="33" count="0" type="stmt"/>
          <line num="34" count="0" type="stmt"/>
          <line num="37" count="0" type="stmt"/>
        </file>
        <file name="ga.ts" path="/home/travis/build/wasdk/WebAssemblyStudio/src/utils/ga.ts">
          <metrics statements="5" coveredstatements="2" conditionals="2" coveredconditionals="0" methods="1" coveredmethods="0"/>
          <line num="22" count="11" type="stmt"/>
          <line num="24" count="0" type="cond" truecount="0" falsecount="2"/>
          <line num="25" count="0" type="stmt"/>
          <line num="27" count="0" type="stmt"/>
          <line num="33" count="11" type="stmt"/>
        </file>
        <file name="group.ts" path="/home/travis/build/wasdk/WebAssemblyStudio/src/utils/group.ts">
          <metrics statements="34" coveredstatements="26" conditionals="24" coveredconditionals="14" methods="5" coveredmethods="5"/>
          <line num="22" count="7" type="stmt"/>
          <line num="23" count="7" type="stmt"/>
          <line num="24" count="7" type="stmt"/>
          <line num="27" count="9" type="stmt"/>
          <line num="28" count="9" type="stmt"/>
          <line num="31" count="4" type="stmt"/>
          <line num="32" count="4" type="stmt"/>
          <line num="33" count="4" type="cond" truecount="2" falsecount="0"/>
          <line num="35" count="1" type="stmt"/>
          <line num="36" count="1" type="cond" truecount="2" falsecount="2"/>
          <line num="37" count="0" type="stmt"/>
          <line num="39" count="1" type="stmt"/>
          <line num="41" count="3" type="cond" truecount="1" falsecount="1"/>
          <line num="42" count="3" type="cond" truecount="1" falsecount="1"/>
          <line num="44" count="0" type="stmt"/>
          <line num="45" count="0" type="stmt"/>
          <line num="46" count="0" type="stmt"/>
          <line num="49" count="3" type="stmt"/>
          <line num="50" count="3" type="stmt"/>
          <line num="54" count="0" type="stmt"/>
          <line num="55" count="0" type="stmt"/>
          <line num="56" count="0" type="stmt"/>
          <line num="60" count="6" type="cond" truecount="1" falsecount="1"/>
          <line num="61" count="3" type="cond" truecount="1" falsecount="1"/>
          <line num="62" count="3" type="stmt"/>
          <line num="65" count="1" type="stmt"/>
          <line num="66" count="1" type="cond" truecount="1" falsecount="1"/>
          <line num="67" count="0" type="stmt"/>
          <line num="69" count="1" type="stmt"/>
          <line num="73" count="1" type="stmt"/>
          <line num="74" count="1" type="cond" truecount="1" falsecount="1"/>
          <line num="75" count="1" type="cond" truecount="1" falsecount="1"/>
          <line num="76" count="1" type="stmt"/>
          <line num="80" count="7" type="stmt"/>
        </file>
        <file name="registerLanguages.ts" path="/home/travis/build/wasdk/WebAssemblyStudio/src/utils/registerLanguages.ts">
          <metrics statements="39" coveredstatements="0" conditionals="9" coveredconditionals="0" methods="13" coveredmethods="0"/>
          <line num="22" count="0" type="cond" truecount="0" falsecount="3"/>
          <line num="23" count="0" type="cond" truecount="0" falsecount="2"/>
          <line num="24" count="0" type="stmt"/>
          <line num="25" count="0" type="stmt"/>
          <line num="26" count="0" type="cond" truecount="0" falsecount="2"/>
          <line num="27" count="0" type="cond" truecount="0" falsecount="2"/>
          <line num="30" count="0" type="stmt"/>
          <line num="31" count="0" type="stmt"/>
          <line num="32" count="0" type="stmt"/>
          <line num="33" count="0" type="stmt"/>
          <line num="34" count="0" type="stmt"/>
          <line num="35" count="0" type="stmt"/>
          <line num="37" count="0" type="stmt"/>
          <line num="38" count="0" type="stmt"/>
          <line num="48" count="0" type="stmt"/>
          <line num="49" count="0" type="stmt"/>
          <line num="50" count="0" type="stmt"/>
          <line num="51" count="0" type="stmt"/>
          <line num="52" count="0" type="stmt"/>
          <line num="54" count="0" type="stmt"/>
          <line num="58" count="0" type="stmt"/>
          <line num="59" count="0" type="stmt"/>
          <line num="61" count="0" type="stmt"/>
          <line num="65" count="0" type="stmt"/>
          <line num="66" count="0" type="stmt"/>
          <line num="68" count="0" type="stmt"/>
          <line num="72" count="0" type="stmt"/>
          <line num="73" count="0" type="stmt"/>
          <line num="75" count="0" type="stmt"/>
          <line num="79" count="0" type="stmt"/>
          <line num="80" count="0" type="stmt"/>
          <line num="82" count="0" type="stmt"/>
          <line num="85" count="0" type="stmt"/>
          <line num="86" count="0" type="stmt"/>
          <line num="87" count="0" type="stmt"/>
          <line num="88" count="0" type="stmt"/>
          <line num="89" count="0" type="stmt"/>
          <line num="90" count="0" type="stmt"/>
          <line num="93" count="0" type="stmt"/>
        </file>
        <file name="rewriteSources.ts" path="/home/travis/build/wasdk/WebAssemblyStudio/src/utils/rewriteSources.ts">
          <metrics statements="36" coveredstatements="29" conditionals="10" coveredconditionals="5" methods="7" coveredmethods="7"/>
          <line num="22" count="12" type="stmt"/>
          <line num="25" count="3" type="stmt"/>
          <line num="26" count="3" type="stmt"/>
          <line num="29" count="12" type="stmt"/>
          <line num="31" count="3" type="stmt"/>
          <line num="34" count="3" type="stmt"/>
          <line num="35" count="3" type="cond" truecount="1" falsecount="1"/>
          <line num="36" count="0" type="stmt"/>
          <line num="38" count="3" type="stmt"/>
          <line num="39" count="3" type="stmt"/>
          <line num="40" count="1" type="stmt"/>
          <line num="41" count="1" type="stmt"/>
          <line num="42" count="1" type="cond" truecount="1" falsecount="1"/>
          <line num="43" count="0" type="stmt"/>
          <line num="44" count="0" type="stmt"/>
          <line num="46" count="1" type="stmt"/>
          <line num="49" count="12" type="stmt"/>
          <line num="51" count="3" type="cond" truecount="1" falsecount="1"/>
          <line num="52" count="0" type="stmt"/>
          <line num="54" count="3" type="stmt"/>
          <line num="55" count="3" type="stmt"/>
          <line num="56" count="3" type="stmt"/>
          <line num="57" count="3" type="stmt"/>
          <line num="59" count="12" type="stmt"/>
          <line num="61" count="3" type="stmt"/>
          <line num="62" count="3" type="cond" truecount="1" falsecount="1"/>
          <line num="63" count="0" type="stmt"/>
          <line num="65" count="3" type="stmt"/>
          <line num="66" count="3" type="stmt"/>
          <line num="67" count="2" type="stmt"/>
          <line num="68" count="2" type="stmt"/>
          <line num="69" count="2" type="cond" truecount="1" falsecount="1"/>
          <line num="70" count="0" type="stmt"/>
          <line num="71" count="0" type="stmt"/>
          <line num="73" count="2" type="stmt"/>
          <line num="76" count="12" type="stmt"/>
        </file>
        <file name="taskRunner.ts" path="/home/travis/build/wasdk/WebAssemblyStudio/src/utils/taskRunner.ts">
          <metrics statements="75" coveredstatements="15" conditionals="42" coveredconditionals="5" methods="19" coveredmethods="1"/>
          <line num="22" count="11" type="cond" truecount="3" falsecount="0"/>
          <line num="23" count="0" type="cond" truecount="0" falsecount="2"/>
          <line num="24" count="0" type="stmt"/>
          <line num="25" count="0" type="stmt"/>
          <line num="26" count="0" type="cond" truecount="0" falsecount="2"/>
          <line num="27" count="0" type="cond" truecount="0" falsecount="2"/>
          <line num="30" count="11" type="stmt"/>
          <line num="31" count="11" type="stmt"/>
          <line num="32" count="11" type="stmt"/>
          <line num="33" count="11" type="stmt"/>
          <line num="34" count="11" type="stmt"/>
          <line num="36" count="11" type="stmt"/>
          <line num="37" count="11" type="stmt"/>
          <line num="38" count="11" type="stmt"/>
          <line num="39" count="11" type="stmt"/>
          <line num="42" count="0" type="stmt"/>
          <line num="43" count="0" type="stmt"/>
          <line num="44" count="0" type="stmt"/>
          <line num="45" count="0" type="stmt"/>
          <line num="52" count="0" type="cond" truecount="0" falsecount="2"/>
          <line num="53" count="0" type="cond" truecount="0" falsecount="2"/>
          <line num="54" count="0" type="stmt"/>
          <line num="56" count="0" type="stmt"/>
          <line num="58" count="0" type="stmt"/>
          <line num="60" count="0" type="stmt"/>
          <line num="65" count="0" type="stmt"/>
          <line num="68" count="0" type="stmt"/>
          <line num="70" count="0" type="cond" truecount="0" falsecount="2"/>
          <line num="72" count="0" type="stmt"/>
          <line num="76" count="0" type="stmt"/>
          <line num="77" count="0" type="stmt"/>
          <line num="81" count="0" type="stmt"/>
          <line num="83" count="0" type="stmt"/>
          <line num="84" count="0" type="stmt"/>
          <line num="85" count="0" type="stmt"/>
          <line num="86" count="0" type="stmt"/>
          <line num="87" count="0" type="stmt"/>
          <line num="88" count="0" type="stmt"/>
          <line num="89" count="0" type="stmt"/>
          <line num="90" count="0" type="stmt"/>
          <line num="94" count="11" type="stmt"/>
          <line num="95" count="11" type="stmt"/>
          <line num="96" count="0" type="cond" truecount="0" falsecount="5"/>
          <line num="97" count="0" type="stmt"/>
          <line num="99" count="0" type="stmt"/>
          <line num="100" count="0" type="stmt"/>
          <line num="101" count="0" type="stmt"/>
          <line num="102" count="0" type="stmt"/>
          <line num="103" count="0" type="stmt"/>
          <line num="104" count="0" type="stmt"/>
          <line num="105" count="0" type="cond" truecount="0" falsecount="4"/>
          <line num="106" count="0" type="stmt"/>
          <line num="107" count="0" type="stmt"/>
          <line num="109" count="0" type="cond" truecount="0" falsecount="2"/>
          <line num="110" count="0" type="stmt"/>
          <line num="118" count="0" type="stmt"/>
          <line num="121" count="11" type="stmt"/>
          <line num="123" count="0" type="stmt"/>
          <line num="124" count="0" type="stmt"/>
          <line num="125" count="0" type="stmt"/>
          <line num="128" count="0" type="stmt"/>
          <line num="130" count="11" type="stmt"/>
          <line num="132" count="0" type="stmt"/>
          <line num="133" count="0" type="stmt"/>
          <line num="134" count="0" type="stmt"/>
          <line num="139" count="0" type="stmt"/>
          <line num="140" count="0" type="stmt"/>
          <line num="162" count="0" type="cond" truecount="0" falsecount="2"/>
          <line num="163" count="0" type="stmt"/>
          <line num="164" count="0" type="stmt"/>
          <line num="167" count="0" type="stmt"/>
          <line num="170" count="0" type="cond" truecount="0" falsecount="2"/>
          <line num="171" count="0" type="stmt"/>
          <line num="173" count="0" type="stmt"/>
          <line num="176" count="11" type="stmt"/>
        </file>
        <file name="zlib.ts" path="/home/travis/build/wasdk/WebAssemblyStudio/src/utils/zlib.ts">
          <metrics statements="14" coveredstatements="4" conditionals="13" coveredconditionals="3" methods="10" coveredmethods="0"/>
          <line num="22" count="11" type="cond" truecount="3" falsecount="0"/>
          <line num="23" count="0" type="cond" truecount="0" falsecount="2"/>
          <line num="24" count="0" type="stmt"/>
          <line num="25" count="0" type="stmt"/>
          <line num="26" count="0" type="cond" truecount="0" falsecount="2"/>
          <line num="27" count="0" type="cond" truecount="0" falsecount="2"/>
          <line num="30" count="11" type="stmt"/>
          <line num="32" count="0" type="stmt"/>
          <line num="33" count="0" type="cond" truecount="0" falsecount="4"/>
          <line num="35" count="11" type="stmt"/>
          <line num="37" count="0" type="stmt"/>
          <line num="38" count="0" type="stmt"/>
          <line num="39" count="0" type="stmt"/>
          <line num="42" count="11" type="stmt"/>
        </file>
      </package>
    </metrics>
  </project>
</coverage>
